<?xml version="1.0" encoding="UTF-8"?>
<!-- Generated by org.testng.reporters.JUnitReportReporter -->
<testsuite hostname="DESKTOP-L6A5N8C" failures="0" tests="1" name="cc2.Task1" time="101.497" errors="0" timestamp="2023-04-19T12:36:32 IST" skipped="0">
  <testcase classname="cc2.Task1" name="f" time="101.497"/>
  <system-out/>
</testsuite> <!-- cc2.Task1 -->
